# JRE version: Java(TM) SE Runtime Environment (19.0.2+7) (build 19.0.2+7-44)
# Java VM: Java HotSpot(TM) 64-Bit Server VM (19.0.2+7-44, mixed mode, emulated-client, sharing, tiered, compressed oops, compressed class ptrs, g1 gc, windows-amd64)
GC Precious Log:
 CardTable entry size: 512
 Card Set container configuration: InlinePtr #cards 5 size 8 Array Of Cards #cards 12 size 40 Howl #buckets 4 coarsen threshold 1843 Howl Bitmap #cards 512 size 80 coarsen threshold 460 Card regions per heap region 1 cards per card region 2048
 CPUs: 4 total, 4 available
 Memory: 8071M
 Large Page Support: Disabled
 NUMA Support: Disabled
 Compressed Oops: Enabled (32-bit)
 Heap Region Size: 1M
 Heap Min Capacity: 8M
 Heap Initial Capacity: 128M
 Heap Max Capacity: 1G
 Pre-touch: Disabled
 Parallel Workers: 4
 Concurrent Workers: 1
 Concurrent Refinement Workers: 4
 Periodic GC: Disabled
Heap:
 garbage-first heap   total 137216K, used 69014K [0x00000000c0000000, 0x0000000100000000)
  region size 1024K, 5 young (5120K), 5 survivors (5120K)
 Metaspace       used 38560K, committed 39232K, reserved 1114112K
  class space    used 4833K, committed 5184K, reserved 1048576K
GC Heap History (20 events):
Event: 11.726 GC heap after
{Heap after GC invocations=6 (full 0):
 garbage-first heap   total 68608K, used 21462K [0x00000000c0000000, 0x0000000100000000)
  region size 1024K, 4 young (4096K), 4 survivors (4096K)
 Metaspace       used 25954K, committed 26368K, reserved 1114112K
  class space    used 3326K, committed 3520K, reserved 1048576K
}
Event: 11.796 GC heap before
{Heap before GC invocations=6 (full 0):
 garbage-first heap   total 68608K, used 22486K [0x00000000c0000000, 0x0000000100000000)
  region size 1024K, 5 young (5120K), 4 survivors (4096K)
 Metaspace       used 26246K, committed 26688K, reserved 1114112K
  class space    used 3368K, committed 3584K, reserved 1048576K
}
Event: 11.822 GC heap after
{Heap after GC invocations=7 (full 0):
 garbage-first heap   total 68608K, used 22309K [0x00000000c0000000, 0x0000000100000000)
  region size 1024K, 1 young (1024K), 1 survivors (1024K)
 Metaspace       used 26246K, committed 26688K, reserved 1114112K
  class space    used 3368K, committed 3584K, reserved 1048576K
}
Event: 13.618 GC heap before
{Heap before GC invocations=7 (full 0):
 garbage-first heap   total 68608K, used 46885K [0x00000000c0000000, 0x0000000100000000)
  region size 1024K, 25 young (25600K), 1 survivors (1024K)
 Metaspace       used 31152K, committed 31744K, reserved 1114112K
  class space    used 4092K, committed 4352K, reserved 1048576K
}
Event: 13.634 GC heap after
{Heap after GC invocations=8 (full 0):
 garbage-first heap   total 68608K, used 23913K [0x00000000c0000000, 0x0000000100000000)
  region size 1024K, 3 young (3072K), 3 survivors (3072K)
 Metaspace       used 31152K, committed 31744K, reserved 1114112K
  class space    used 4092K, committed 4352K, reserved 1048576K
}
Event: 14.442 GC heap before
{Heap before GC invocations=8 (full 0):
 garbage-first heap   total 68608K, used 49513K [0x00000000c0000000, 0x0000000100000000)
  region size 1024K, 27 young (27648K), 3 survivors (3072K)
 Metaspace       used 32215K, committed 32832K, reserved 1114112K
  class space    used 4273K, committed 4544K, reserved 1048576K
}
Event: 14.468 GC heap after
{Heap after GC invocations=9 (full 0):
 garbage-first heap   total 68608K, used 28151K [0x00000000c0000000, 0x0000000100000000)
  region size 1024K, 4 young (4096K), 4 survivors (4096K)
 Metaspace       used 32215K, committed 32832K, reserved 1114112K
  class space    used 4273K, committed 4544K, reserved 1048576K
}
Event: 14.821 GC heap before
{Heap before GC invocations=9 (full 0):
 garbage-first heap   total 68608K, used 48631K [0x00000000c0000000, 0x0000000100000000)
  region size 1024K, 25 young (25600K), 4 survivors (4096K)
 Metaspace       used 32751K, committed 33344K, reserved 1114112K
  class space    used 4343K, committed 4608K, reserved 1048576K
}
Event: 14.844 GC heap after
{Heap after GC invocations=10 (full 0):
 garbage-first heap   total 68608K, used 32366K [0x00000000c0000000, 0x0000000100000000)
  region size 1024K, 4 young (4096K), 4 survivors (4096K)
 Metaspace       used 32751K, committed 33344K, reserved 1114112K
  class space    used 4343K, committed 4608K, reserved 1048576K
}
Event: 15.260 GC heap before
{Heap before GC invocations=10 (full 0):
 garbage-first heap   total 68608K, used 49774K [0x00000000c0000000, 0x0000000100000000)
  region size 1024K, 22 young (22528K), 4 survivors (4096K)
 Metaspace       used 33210K, committed 33792K, reserved 1114112K
  class space    used 4372K, committed 4672K, reserved 1048576K
}
Event: 15.283 GC heap after
{Heap after GC invocations=11 (full 0):
 garbage-first heap   total 137216K, used 36015K [0x00000000c0000000, 0x0000000100000000)
  region size 1024K, 3 young (3072K), 3 survivors (3072K)
 Metaspace       used 33210K, committed 33792K, reserved 1114112K
  class space    used 4372K, committed 4672K, reserved 1048576K
}
Event: 15.992 GC heap before
{Heap before GC invocations=11 (full 0):
 garbage-first heap   total 137216K, used 96431K [0x00000000c0000000, 0x0000000100000000)
  region size 1024K, 63 young (64512K), 3 survivors (3072K)
 Metaspace       used 35059K, committed 35776K, reserved 1114112K
  class space    used 4517K, committed 4864K, reserved 1048576K
}
Event: 16.028 GC heap after
{Heap after GC invocations=12 (full 0):
 garbage-first heap   total 137216K, used 44238K [0x00000000c0000000, 0x0000000100000000)
  region size 1024K, 8 young (8192K), 8 survivors (8192K)
 Metaspace       used 35059K, committed 35776K, reserved 1114112K
  class space    used 4517K, committed 4864K, reserved 1048576K
}
Event: 16.127 GC heap before
{Heap before GC invocations=12 (full 0):
 garbage-first heap   total 137216K, used 54478K [0x00000000c0000000, 0x0000000100000000)
  region size 1024K, 19 young (19456K), 8 survivors (8192K)
 Metaspace       used 35496K, committed 36096K, reserved 1114112K
  class space    used 4558K, committed 4864K, reserved 1048576K
}
Event: 16.155 GC heap after
{Heap after GC invocations=13 (full 0):
 garbage-first heap   total 137216K, used 46544K [0x00000000c0000000, 0x0000000100000000)
  region size 1024K, 2 young (2048K), 2 survivors (2048K)
 Metaspace       used 35496K, committed 36096K, reserved 1114112K
  class space    used 4558K, committed 4864K, reserved 1048576K
}
Event: 16.778 GC heap before
{Heap before GC invocations=14 (full 0):
 garbage-first heap   total 137216K, used 101840K [0x00000000c0000000, 0x0000000100000000)
  region size 1024K, 57 young (58368K), 2 survivors (2048K)
 Metaspace       used 35672K, committed 36352K, reserved 1114112K
  class space    used 4594K, committed 4928K, reserved 1048576K
}
Event: 16.833 GC heap after
{Heap after GC invocations=15 (full 0):
 garbage-first heap   total 137216K, used 60416K [0x00000000c0000000, 0x0000000100000000)
  region size 1024K, 8 young (8192K), 8 survivors (8192K)
 Metaspace       used 35672K, committed 36352K, reserved 1114112K
  class space    used 4594K, committed 4928K, reserved 1048576K
}
Event: 16.840 GC heap before
{Heap before GC invocations=15 (full 0):
 garbage-first heap   total 137216K, used 61440K [0x00000000c0000000, 0x0000000100000000)
  region size 1024K, 9 young (9216K), 8 survivors (8192K)
 Metaspace       used 35672K, committed 36352K, reserved 1114112K
  class space    used 4594K, committed 4928K, reserved 1048576K
}
Event: 16.873 GC heap after
{Heap after GC invocations=16 (full 0):
 garbage-first heap   total 137216K, used 62102K [0x00000000c0000000, 0x0000000100000000)
  region size 1024K, 2 young (2048K), 2 survivors (2048K)
 Metaspace       used 35672K, committed 36352K, reserved 1114112K
  class space    used 4594K, committed 4928K, reserved 1048576K
}
Event: 17.504 GC heap before
{Heap before GC invocations=16 (full 0):
 garbage-first heap   total 137216K, used 90774K [0x00000000c0000000, 0x0000000100000000)
  region size 1024K, 32 young (32768K), 2 survivors (2048K)
 Metaspace       used 38560K, committed 39232K, reserved 1114112K
  class space    used 4833K, committed 5184K, reserved 1048576K
}

