# JRE version: Java(TM) SE Runtime Environment (19.0.2+7) (build 19.0.2+7-44)
# Java VM: Java HotSpot(TM) 64-Bit Server VM (19.0.2+7-44, mixed mode, emulated-client, sharing, tiered, compressed oops, compressed class ptrs, g1 gc, windows-amd64)
GC Precious Log:
 CardTable entry size: 512
 Card Set container configuration: InlinePtr #cards 5 size 8 Array Of Cards #cards 12 size 40 Howl #buckets 4 coarsen threshold 1843 Howl Bitmap #cards 512 size 80 coarsen threshold 460 Card regions per heap region 1 cards per card region 2048
 CPUs: 4 total, 4 available
 Memory: 8071M
 Large Page Support: Disabled
 NUMA Support: Disabled
 Compressed Oops: Enabled (32-bit)
 Heap Region Size: 1M
 Heap Min Capacity: 8M
 Heap Initial Capacity: 128M
 Heap Max Capacity: 1G
 Pre-touch: Disabled
 Parallel Workers: 4
 Concurrent Workers: 1
 Concurrent Refinement Workers: 4
 Periodic GC: Disabled
Heap:
 garbage-first heap   total 307200K, used 91121K [0x00000000c0000000, 0x0000000100000000)
  region size 1024K, 1 young (1024K), 0 survivors (0K)
 Metaspace       used 68765K, committed 70464K, reserved 1114112K
  class space    used 9105K, committed 9792K, reserved 1048576K
GC Heap History (20 events):
Event: 538.023 GC heap after
{Heap after GC invocations=190 (full 7):
 garbage-first heap   total 307200K, used 91464K [0x00000000c0000000, 0x0000000100000000)
  region size 1024K, 0 young (0K), 0 survivors (0K)
 Metaspace       used 68836K, committed 70464K, reserved 1114112K
  class space    used 9122K, committed 9792K, reserved 1048576K
}
Event: 548.248 GC heap before
{Heap before GC invocations=190 (full 7):
 garbage-first heap   total 307200K, used 91464K [0x00000000c0000000, 0x0000000100000000)
  region size 1024K, 1 young (1024K), 0 survivors (0K)
 Metaspace       used 68836K, committed 70464K, reserved 1114112K
  class space    used 9122K, committed 9792K, reserved 1048576K
}
Event: 548.358 GC heap after
{Heap after GC invocations=191 (full 8):
 garbage-first heap   total 307200K, used 91464K [0x00000000c0000000, 0x0000000100000000)
  region size 1024K, 0 young (0K), 0 survivors (0K)
 Metaspace       used 68836K, committed 70464K, reserved 1114112K
  class space    used 9122K, committed 9792K, reserved 1048576K
}
Event: 558.600 GC heap before
{Heap before GC invocations=191 (full 8):
 garbage-first heap   total 307200K, used 91464K [0x00000000c0000000, 0x0000000100000000)
  region size 1024K, 1 young (1024K), 0 survivors (0K)
 Metaspace       used 68836K, committed 70464K, reserved 1114112K
  class space    used 9122K, committed 9792K, reserved 1048576K
}
Event: 558.729 GC heap after
{Heap after GC invocations=192 (full 9):
 garbage-first heap   total 307200K, used 91133K [0x00000000c0000000, 0x0000000100000000)
  region size 1024K, 0 young (0K), 0 survivors (0K)
 Metaspace       used 68822K, committed 70464K, reserved 1114112K
  class space    used 9118K, committed 9792K, reserved 1048576K
}
Event: 568.911 GC heap before
{Heap before GC invocations=192 (full 9):
 garbage-first heap   total 307200K, used 91133K [0x00000000c0000000, 0x0000000100000000)
  region size 1024K, 1 young (1024K), 0 survivors (0K)
 Metaspace       used 68822K, committed 70464K, reserved 1114112K
  class space    used 9118K, committed 9792K, reserved 1048576K
}
Event: 569.025 GC heap after
{Heap after GC invocations=193 (full 10):
 garbage-first heap   total 307200K, used 91133K [0x00000000c0000000, 0x0000000100000000)
  region size 1024K, 0 young (0K), 0 survivors (0K)
 Metaspace       used 68822K, committed 70464K, reserved 1114112K
  class space    used 9118K, committed 9792K, reserved 1048576K
}
Event: 579.218 GC heap before
{Heap before GC invocations=193 (full 10):
 garbage-first heap   total 307200K, used 91133K [0x00000000c0000000, 0x0000000100000000)
  region size 1024K, 1 young (1024K), 0 survivors (0K)
 Metaspace       used 68822K, committed 70464K, reserved 1114112K
  class space    used 9118K, committed 9792K, reserved 1048576K
}
Event: 579.334 GC heap after
{Heap after GC invocations=194 (full 11):
 garbage-first heap   total 307200K, used 91133K [0x00000000c0000000, 0x0000000100000000)
  region size 1024K, 0 young (0K), 0 survivors (0K)
 Metaspace       used 68822K, committed 70464K, reserved 1114112K
  class space    used 9118K, committed 9792K, reserved 1048576K
}
Event: 589.535 GC heap before
{Heap before GC invocations=194 (full 11):
 garbage-first heap   total 307200K, used 91133K [0x00000000c0000000, 0x0000000100000000)
  region size 1024K, 1 young (1024K), 0 survivors (0K)
 Metaspace       used 68822K, committed 70464K, reserved 1114112K
  class space    used 9118K, committed 9792K, reserved 1048576K
}
Event: 589.660 GC heap after
{Heap after GC invocations=195 (full 12):
 garbage-first heap   total 307200K, used 91133K [0x00000000c0000000, 0x0000000100000000)
  region size 1024K, 0 young (0K), 0 survivors (0K)
 Metaspace       used 68822K, committed 70464K, reserved 1114112K
  class space    used 9118K, committed 9792K, reserved 1048576K
}
Event: 599.854 GC heap before
{Heap before GC invocations=195 (full 12):
 garbage-first heap   total 307200K, used 91133K [0x00000000c0000000, 0x0000000100000000)
  region size 1024K, 1 young (1024K), 0 survivors (0K)
 Metaspace       used 68822K, committed 70464K, reserved 1114112K
  class space    used 9118K, committed 9792K, reserved 1048576K
}
Event: 599.980 GC heap after
{Heap after GC invocations=196 (full 13):
 garbage-first heap   total 307200K, used 91133K [0x00000000c0000000, 0x0000000100000000)
  region size 1024K, 0 young (0K), 0 survivors (0K)
 Metaspace       used 68822K, committed 70464K, reserved 1114112K
  class space    used 9118K, committed 9792K, reserved 1048576K
}
Event: 610.182 GC heap before
{Heap before GC invocations=196 (full 13):
 garbage-first heap   total 307200K, used 91133K [0x00000000c0000000, 0x0000000100000000)
  region size 1024K, 1 young (1024K), 0 survivors (0K)
 Metaspace       used 68822K, committed 70464K, reserved 1114112K
  class space    used 9118K, committed 9792K, reserved 1048576K
}
Event: 610.311 GC heap after
{Heap after GC invocations=197 (full 14):
 garbage-first heap   total 307200K, used 91121K [0x00000000c0000000, 0x0000000100000000)
  region size 1024K, 0 young (0K), 0 survivors (0K)
 Metaspace       used 68765K, committed 70464K, reserved 1114112K
  class space    used 9105K, committed 9792K, reserved 1048576K
}
Event: 620.509 GC heap before
{Heap before GC invocations=197 (full 14):
 garbage-first heap   total 307200K, used 91121K [0x00000000c0000000, 0x0000000100000000)
  region size 1024K, 1 young (1024K), 0 survivors (0K)
 Metaspace       used 68765K, committed 70464K, reserved 1114112K
  class space    used 9105K, committed 9792K, reserved 1048576K
}
Event: 620.633 GC heap after
{Heap after GC invocations=198 (full 15):
 garbage-first heap   total 307200K, used 91121K [0x00000000c0000000, 0x0000000100000000)
  region size 1024K, 0 young (0K), 0 survivors (0K)
 Metaspace       used 68765K, committed 70464K, reserved 1114112K
  class space    used 9105K, committed 9792K, reserved 1048576K
}
Event: 630.828 GC heap before
{Heap before GC invocations=198 (full 15):
 garbage-first heap   total 307200K, used 91121K [0x00000000c0000000, 0x0000000100000000)
  region size 1024K, 1 young (1024K), 0 survivors (0K)
 Metaspace       used 68765K, committed 70464K, reserved 1114112K
  class space    used 9105K, committed 9792K, reserved 1048576K
}
Event: 630.953 GC heap after
{Heap after GC invocations=199 (full 16):
 garbage-first heap   total 307200K, used 91121K [0x00000000c0000000, 0x0000000100000000)
  region size 1024K, 0 young (0K), 0 survivors (0K)
 Metaspace       used 68765K, committed 70464K, reserved 1114112K
  class space    used 9105K, committed 9792K, reserved 1048576K
}
Event: 642.011 GC heap before
{Heap before GC invocations=199 (full 16):
 garbage-first heap   total 307200K, used 91121K [0x00000000c0000000, 0x0000000100000000)
  region size 1024K, 1 young (1024K), 0 survivors (0K)
 Metaspace       used 68765K, committed 70464K, reserved 1114112K
  class space    used 9105K, committed 9792K, reserved 1048576K
}

