# JRE version: Java(TM) SE Runtime Environment (19.0.2+7) (build 19.0.2+7-44)
# Java VM: Java HotSpot(TM) 64-Bit Server VM (19.0.2+7-44, mixed mode, emulated-client, sharing, tiered, compressed oops, compressed class ptrs, g1 gc, windows-amd64)
GC Precious Log:
 CardTable entry size: 512
 Card Set container configuration: InlinePtr #cards 5 size 8 Array Of Cards #cards 12 size 40 Howl #buckets 4 coarsen threshold 1843 Howl Bitmap #cards 512 size 80 coarsen threshold 460 Card regions per heap region 1 cards per card region 2048
 CPUs: 4 total, 4 available
 Memory: 8071M
 Large Page Support: Disabled
 NUMA Support: Disabled
 Compressed Oops: Enabled (32-bit)
 Heap Region Size: 1M
 Heap Min Capacity: 8M
 Heap Initial Capacity: 128M
 Heap Max Capacity: 1G
 Pre-touch: Disabled
 Parallel Workers: 4
 Concurrent Workers: 1
 Concurrent Refinement Workers: 4
 Periodic GC: Disabled
Heap:
 garbage-first heap   total 131072K, used 68819K [0x00000000c0000000, 0x0000000100000000)
  region size 1024K, 5 young (5120K), 5 survivors (5120K)
 Metaspace       used 38125K, committed 38784K, reserved 1114112K
  class space    used 4765K, committed 5056K, reserved 1048576K
GC Heap History (20 events):
Event: 9.344 GC heap after
{Heap after GC invocations=6 (full 0):
 garbage-first heap   total 65536K, used 22173K [0x00000000c0000000, 0x0000000100000000)
  region size 1024K, 4 young (4096K), 4 survivors (4096K)
 Metaspace       used 25768K, committed 26176K, reserved 1114112K
  class space    used 3311K, committed 3520K, reserved 1048576K
}
Event: 9.383 GC heap before
{Heap before GC invocations=6 (full 0):
 garbage-first heap   total 65536K, used 23197K [0x00000000c0000000, 0x0000000100000000)
  region size 1024K, 5 young (5120K), 4 survivors (4096K)
 Metaspace       used 25932K, committed 26368K, reserved 1114112K
  class space    used 3321K, committed 3520K, reserved 1048576K
}
Event: 9.400 GC heap after
{Heap after GC invocations=7 (full 0):
 garbage-first heap   total 65536K, used 22148K [0x00000000c0000000, 0x0000000100000000)
  region size 1024K, 1 young (1024K), 1 survivors (1024K)
 Metaspace       used 25932K, committed 26368K, reserved 1114112K
  class space    used 3321K, committed 3520K, reserved 1048576K
}
Event: 11.372 GC heap before
{Heap before GC invocations=7 (full 0):
 garbage-first heap   total 65536K, used 43652K [0x00000000c0000000, 0x0000000100000000)
  region size 1024K, 23 young (23552K), 1 survivors (1024K)
 Metaspace       used 30586K, committed 31168K, reserved 1114112K
  class space    used 4001K, committed 4288K, reserved 1048576K
}
Event: 11.388 GC heap after
{Heap after GC invocations=8 (full 0):
 garbage-first heap   total 65536K, used 23493K [0x00000000c0000000, 0x0000000100000000)
  region size 1024K, 3 young (3072K), 3 survivors (3072K)
 Metaspace       used 30586K, committed 31168K, reserved 1114112K
  class space    used 4001K, committed 4288K, reserved 1048576K
}
Event: 12.492 GC heap before
{Heap before GC invocations=8 (full 0):
 garbage-first heap   total 65536K, used 46021K [0x00000000c0000000, 0x0000000100000000)
  region size 1024K, 25 young (25600K), 3 survivors (3072K)
 Metaspace       used 32114K, committed 32768K, reserved 1114112K
  class space    used 4252K, committed 4544K, reserved 1048576K
}
Event: 12.521 GC heap after
{Heap after GC invocations=9 (full 0):
 garbage-first heap   total 65536K, used 28255K [0x00000000c0000000, 0x0000000100000000)
  region size 1024K, 4 young (4096K), 4 survivors (4096K)
 Metaspace       used 32114K, committed 32768K, reserved 1114112K
  class space    used 4252K, committed 4544K, reserved 1048576K
}
Event: 12.921 GC heap before
{Heap before GC invocations=9 (full 0):
 garbage-first heap   total 65536K, used 46687K [0x00000000c0000000, 0x0000000100000000)
  region size 1024K, 23 young (23552K), 4 survivors (4096K)
 Metaspace       used 32647K, committed 33216K, reserved 1114112K
  class space    used 4320K, committed 4608K, reserved 1048576K
}
Event: 12.950 GC heap after
{Heap after GC invocations=10 (full 0):
 garbage-first heap   total 65536K, used 31159K [0x00000000c0000000, 0x0000000100000000)
  region size 1024K, 3 young (3072K), 3 survivors (3072K)
 Metaspace       used 32647K, committed 33216K, reserved 1114112K
  class space    used 4320K, committed 4608K, reserved 1048576K
}
Event: 13.429 GC heap before
{Heap before GC invocations=10 (full 0):
 garbage-first heap   total 65536K, used 46519K [0x00000000c0000000, 0x0000000100000000)
  region size 1024K, 19 young (19456K), 3 survivors (3072K)
 Metaspace       used 33102K, committed 33728K, reserved 1114112K
  class space    used 4367K, committed 4672K, reserved 1048576K
}
Event: 13.450 GC heap after
{Heap after GC invocations=11 (full 0):
 garbage-first heap   total 131072K, used 34431K [0x00000000c0000000, 0x0000000100000000)
  region size 1024K, 3 young (3072K), 3 survivors (3072K)
 Metaspace       used 33102K, committed 33728K, reserved 1114112K
  class space    used 4367K, committed 4672K, reserved 1048576K
}
Event: 14.146 GC heap before
{Heap before GC invocations=11 (full 0):
 garbage-first heap   total 131072K, used 91775K [0x00000000c0000000, 0x0000000100000000)
  region size 1024K, 60 young (61440K), 3 survivors (3072K)
 Metaspace       used 34853K, committed 35456K, reserved 1114112K
  class space    used 4493K, committed 4736K, reserved 1048576K
}
Event: 14.174 GC heap after
{Heap after GC invocations=12 (full 0):
 garbage-first heap   total 131072K, used 42795K [0x00000000c0000000, 0x0000000100000000)
  region size 1024K, 8 young (8192K), 8 survivors (8192K)
 Metaspace       used 34853K, committed 35456K, reserved 1114112K
  class space    used 4493K, committed 4736K, reserved 1048576K
}
Event: 14.364 GC heap before
{Heap before GC invocations=12 (full 0):
 garbage-first heap   total 131072K, used 69419K [0x00000000c0000000, 0x0000000100000000)
  region size 1024K, 35 young (35840K), 8 survivors (8192K)
 Metaspace       used 35492K, committed 36096K, reserved 1114112K
  class space    used 4555K, committed 4864K, reserved 1048576K
}
Event: 14.390 GC heap after
{Heap after GC invocations=13 (full 0):
 garbage-first heap   total 131072K, used 47432K [0x00000000c0000000, 0x0000000100000000)
  region size 1024K, 5 young (5120K), 5 survivors (5120K)
 Metaspace       used 35492K, committed 36096K, reserved 1114112K
  class space    used 4555K, committed 4864K, reserved 1048576K
}
Event: 14.792 GC heap before
{Heap before GC invocations=14 (full 0):
 garbage-first heap   total 131072K, used 96584K [0x00000000c0000000, 0x0000000100000000)
  region size 1024K, 53 young (54272K), 5 survivors (5120K)
 Metaspace       used 35678K, committed 36352K, reserved 1114112K
  class space    used 4590K, committed 4928K, reserved 1048576K
}
Event: 14.832 GC heap after
{Heap after GC invocations=15 (full 0):
 garbage-first heap   total 131072K, used 59230K [0x00000000c0000000, 0x0000000100000000)
  region size 1024K, 7 young (7168K), 7 survivors (7168K)
 Metaspace       used 35678K, committed 36352K, reserved 1114112K
  class space    used 4590K, committed 4928K, reserved 1048576K
}
Event: 14.839 GC heap before
{Heap before GC invocations=15 (full 0):
 garbage-first heap   total 131072K, used 60254K [0x00000000c0000000, 0x0000000100000000)
  region size 1024K, 8 young (8192K), 7 survivors (7168K)
 Metaspace       used 35678K, committed 36352K, reserved 1114112K
  class space    used 4590K, committed 4928K, reserved 1048576K
}
Event: 14.861 GC heap after
{Heap after GC invocations=16 (full 0):
 garbage-first heap   total 131072K, used 60648K [0x00000000c0000000, 0x0000000100000000)
  region size 1024K, 1 young (1024K), 1 survivors (1024K)
 Metaspace       used 35678K, committed 36352K, reserved 1114112K
  class space    used 4590K, committed 4928K, reserved 1048576K
}
Event: 15.424 GC heap before
{Heap before GC invocations=16 (full 0):
 garbage-first heap   total 131072K, used 89320K [0x00000000c0000000, 0x0000000100000000)
  region size 1024K, 31 young (31744K), 1 survivors (1024K)
 Metaspace       used 38125K, committed 38784K, reserved 1114112K
  class space    used 4765K, committed 5056K, reserved 1048576K
}

