# JRE version: Java(TM) SE Runtime Environment (19.0.2+7) (build 19.0.2+7-44)
# Java VM: Java HotSpot(TM) 64-Bit Server VM (19.0.2+7-44, mixed mode, emulated-client, sharing, tiered, compressed oops, compressed class ptrs, g1 gc, windows-amd64)
GC Precious Log:
 CardTable entry size: 512
 Card Set container configuration: InlinePtr #cards 5 size 8 Array Of Cards #cards 12 size 40 Howl #buckets 4 coarsen threshold 1843 Howl Bitmap #cards 512 size 80 coarsen threshold 460 Card regions per heap region 1 cards per card region 2048
 CPUs: 4 total, 4 available
 Memory: 8071M
 Large Page Support: Disabled
 NUMA Support: Disabled
 Compressed Oops: Enabled (32-bit)
 Heap Region Size: 1M
 Heap Min Capacity: 8M
 Heap Initial Capacity: 128M
 Heap Max Capacity: 1G
 Pre-touch: Disabled
 Parallel Workers: 4
 Concurrent Workers: 1
 Concurrent Refinement Workers: 4
 Periodic GC: Disabled
Heap:
 garbage-first heap   total 167936K, used 48906K [0x00000000c0000000, 0x0000000100000000)
  region size 1024K, 1 young (1024K), 0 survivors (0K)
 Metaspace       used 59785K, committed 60672K, reserved 1114112K
  class space    used 8023K, committed 8448K, reserved 1048576K
GC Heap History (20 events):
Event: 42.719 GC heap after
{Heap after GC invocations=65 (full 0):
 garbage-first heap   total 974848K, used 255488K [0x00000000c0000000, 0x0000000100000000)
  region size 1024K, 3 young (3072K), 3 survivors (3072K)
 Metaspace       used 49159K, committed 49856K, reserved 1114112K
  class space    used 6107K, committed 6400K, reserved 1048576K
}
Event: 43.909 GC heap before
{Heap before GC invocations=65 (full 0):
 garbage-first heap   total 974848K, used 727552K [0x00000000c0000000, 0x0000000100000000)
  region size 1024K, 463 young (474112K), 3 survivors (3072K)
 Metaspace       used 49159K, committed 49856K, reserved 1114112K
  class space    used 6107K, committed 6400K, reserved 1048576K
}
Event: 43.933 GC heap after
{Heap after GC invocations=66 (full 0):
 garbage-first heap   total 974848K, used 279084K [0x00000000c0000000, 0x0000000100000000)
  region size 1024K, 24 young (24576K), 24 survivors (24576K)
 Metaspace       used 49159K, committed 49856K, reserved 1114112K
  class space    used 6107K, committed 6400K, reserved 1048576K
}
Event: 45.264 GC heap before
{Heap before GC invocations=66 (full 0):
 garbage-first heap   total 974848K, used 764460K [0x00000000c0000000, 0x0000000100000000)
  region size 1024K, 499 young (510976K), 24 survivors (24576K)
 Metaspace       used 49159K, committed 49856K, reserved 1114112K
  class space    used 6107K, committed 6400K, reserved 1048576K
}
Event: 45.322 GC heap after
{Heap after GC invocations=67 (full 0):
 garbage-first heap   total 974848K, used 304640K [0x00000000c0000000, 0x0000000100000000)
  region size 1024K, 49 young (50176K), 49 survivors (50176K)
 Metaspace       used 49159K, committed 49856K, reserved 1114112K
  class space    used 6107K, committed 6400K, reserved 1048576K
}
Event: 46.537 GC heap before
{Heap before GC invocations=67 (full 0):
 garbage-first heap   total 974848K, used 672256K [0x00000000c0000000, 0x0000000100000000)
  region size 1024K, 409 young (418816K), 49 survivors (50176K)
 Metaspace       used 49159K, committed 49856K, reserved 1114112K
  class space    used 6107K, committed 6400K, reserved 1048576K
}
Event: 46.622 GC heap after
{Heap after GC invocations=68 (full 0):
 garbage-first heap   total 974848K, used 346161K [0x00000000c0000000, 0x0000000100000000)
  region size 1024K, 65 young (66560K), 65 survivors (66560K)
 Metaspace       used 49159K, committed 49856K, reserved 1114112K
  class space    used 6107K, committed 6400K, reserved 1048576K
}
Event: 54.264 GC heap before
{Heap before GC invocations=69 (full 0):
 garbage-first heap   total 974848K, used 766001K [0x00000000c0000000, 0x0000000100000000)
  region size 1024K, 476 young (487424K), 65 survivors (66560K)
 Metaspace       used 59310K, committed 60096K, reserved 1114112K
  class space    used 7920K, committed 8320K, reserved 1048576K
}
Event: 54.404 GC heap after
{Heap after GC invocations=70 (full 0):
 garbage-first heap   total 974848K, used 369152K [0x00000000c0000000, 0x0000000100000000)
  region size 1024K, 56 young (57344K), 56 survivors (57344K)
 Metaspace       used 59310K, committed 60096K, reserved 1114112K
  class space    used 7920K, committed 8320K, reserved 1048576K
}
Event: 54.423 GC heap before
{Heap before GC invocations=70 (full 0):
 garbage-first heap   total 974848K, used 370176K [0x00000000c0000000, 0x0000000100000000)
  region size 1024K, 57 young (58368K), 56 survivors (57344K)
 Metaspace       used 59310K, committed 60096K, reserved 1114112K
  class space    used 7920K, committed 8320K, reserved 1048576K
}
Event: 54.523 GC heap after
{Heap after GC invocations=71 (full 0):
 garbage-first heap   total 974848K, used 276480K [0x00000000c0000000, 0x0000000100000000)
  region size 1024K, 2 young (2048K), 2 survivors (2048K)
 Metaspace       used 59310K, committed 60096K, reserved 1114112K
  class space    used 7920K, committed 8320K, reserved 1048576K
}
Event: 54.920 GC heap before
{Heap before GC invocations=71 (full 0):
 garbage-first heap   total 974848K, used 322560K [0x00000000c0000000, 0x0000000100000000)
  region size 1024K, 47 young (48128K), 2 survivors (2048K)
 Metaspace       used 59321K, committed 60160K, reserved 1114112K
  class space    used 7921K, committed 8320K, reserved 1048576K
}
Event: 54.934 GC heap after
{Heap after GC invocations=72 (full 0):
 garbage-first heap   total 974848K, used 264704K [0x00000000c0000000, 0x0000000100000000)
  region size 1024K, 4 young (4096K), 4 survivors (4096K)
 Metaspace       used 59321K, committed 60160K, reserved 1114112K
  class space    used 7921K, committed 8320K, reserved 1048576K
}
Event: 94.293 GC heap before
{Heap before GC invocations=72 (full 0):
 garbage-first heap   total 974848K, used 529920K [0x00000000c0000000, 0x0000000100000000)
  region size 1024K, 264 young (270336K), 4 survivors (4096K)
 Metaspace       used 59785K, committed 60672K, reserved 1114112K
  class space    used 8023K, committed 8448K, reserved 1048576K
}
Event: 94.391 GC heap after
{Heap after GC invocations=73 (full 1):
 garbage-first heap   total 171008K, used 48897K [0x00000000c0000000, 0x0000000100000000)
  region size 1024K, 0 young (0K), 0 survivors (0K)
 Metaspace       used 59785K, committed 60672K, reserved 1114112K
  class space    used 8023K, committed 8448K, reserved 1048576K
}
Event: 104.673 GC heap before
{Heap before GC invocations=73 (full 1):
 garbage-first heap   total 171008K, used 48897K [0x00000000c0000000, 0x0000000100000000)
  region size 1024K, 1 young (1024K), 0 survivors (0K)
 Metaspace       used 59785K, committed 60672K, reserved 1114112K
  class space    used 8023K, committed 8448K, reserved 1048576K
}
Event: 104.742 GC heap after
{Heap after GC invocations=74 (full 2):
 garbage-first heap   total 167936K, used 48906K [0x00000000c0000000, 0x0000000100000000)
  region size 1024K, 0 young (0K), 0 survivors (0K)
 Metaspace       used 59785K, committed 60672K, reserved 1114112K
  class space    used 8023K, committed 8448K, reserved 1048576K
}
Event: 114.986 GC heap before
{Heap before GC invocations=74 (full 2):
 garbage-first heap   total 167936K, used 48906K [0x00000000c0000000, 0x0000000100000000)
  region size 1024K, 1 young (1024K), 0 survivors (0K)
 Metaspace       used 59785K, committed 60672K, reserved 1114112K
  class space    used 8023K, committed 8448K, reserved 1048576K
}
Event: 115.070 GC heap after
{Heap after GC invocations=75 (full 3):
 garbage-first heap   total 167936K, used 48906K [0x00000000c0000000, 0x0000000100000000)
  region size 1024K, 0 young (0K), 0 survivors (0K)
 Metaspace       used 59785K, committed 60672K, reserved 1114112K
  class space    used 8023K, committed 8448K, reserved 1048576K
}
Event: 125.256 GC heap before
{Heap before GC invocations=75 (full 3):
 garbage-first heap   total 167936K, used 48906K [0x00000000c0000000, 0x0000000100000000)
  region size 1024K, 1 young (1024K), 0 survivors (0K)
 Metaspace       used 59785K, committed 60672K, reserved 1114112K
  class space    used 8023K, committed 8448K, reserved 1048576K
}

