# JRE version: Java(TM) SE Runtime Environment (19.0.2+7) (build 19.0.2+7-44)
# Java VM: Java HotSpot(TM) 64-Bit Server VM (19.0.2+7-44, mixed mode, emulated-client, sharing, tiered, compressed oops, compressed class ptrs, g1 gc, windows-amd64)
GC Precious Log:
 CardTable entry size: 512
 Card Set container configuration: InlinePtr #cards 5 size 8 Array Of Cards #cards 12 size 40 Howl #buckets 4 coarsen threshold 1843 Howl Bitmap #cards 512 size 80 coarsen threshold 460 Card regions per heap region 1 cards per card region 2048
 CPUs: 4 total, 4 available
 Memory: 8071M
 Large Page Support: Disabled
 NUMA Support: Disabled
 Compressed Oops: Enabled (32-bit)
 Heap Region Size: 1M
 Heap Min Capacity: 8M
 Heap Initial Capacity: 128M
 Heap Max Capacity: 1G
 Pre-touch: Disabled
 Parallel Workers: 4
 Concurrent Workers: 1
 Concurrent Refinement Workers: 4
 Periodic GC: Disabled
Heap:
 garbage-first heap   total 131072K, used 71403K [0x00000000c0000000, 0x0000000100000000)
  region size 1024K, 5 young (5120K), 5 survivors (5120K)
 Metaspace       used 38498K, committed 39168K, reserved 1114112K
  class space    used 4835K, committed 5184K, reserved 1048576K
GC Heap History (20 events):
Event: 10.841 GC heap after
{Heap after GC invocations=6 (full 0):
 garbage-first heap   total 65536K, used 21690K [0x00000000c0000000, 0x0000000100000000)
  region size 1024K, 4 young (4096K), 4 survivors (4096K)
 Metaspace       used 26018K, committed 26432K, reserved 1114112K
  class space    used 3335K, committed 3520K, reserved 1048576K
}
Event: 10.912 GC heap before
{Heap before GC invocations=6 (full 0):
 garbage-first heap   total 65536K, used 22714K [0x00000000c0000000, 0x0000000100000000)
  region size 1024K, 5 young (5120K), 4 survivors (4096K)
 Metaspace       used 26309K, committed 26752K, reserved 1114112K
  class space    used 3378K, committed 3584K, reserved 1048576K
}
Event: 10.943 GC heap after
{Heap after GC invocations=7 (full 0):
 garbage-first heap   total 65536K, used 22292K [0x00000000c0000000, 0x0000000100000000)
  region size 1024K, 1 young (1024K), 1 survivors (1024K)
 Metaspace       used 26309K, committed 26752K, reserved 1114112K
  class space    used 3378K, committed 3584K, reserved 1048576K
}
Event: 12.774 GC heap before
{Heap before GC invocations=7 (full 0):
 garbage-first heap   total 65536K, used 43796K [0x00000000c0000000, 0x0000000100000000)
  region size 1024K, 23 young (23552K), 1 survivors (1024K)
 Metaspace       used 30885K, committed 31424K, reserved 1114112K
  class space    used 4044K, committed 4288K, reserved 1048576K
}
Event: 12.791 GC heap after
{Heap after GC invocations=8 (full 0):
 garbage-first heap   total 65536K, used 23703K [0x00000000c0000000, 0x0000000100000000)
  region size 1024K, 3 young (3072K), 3 survivors (3072K)
 Metaspace       used 30885K, committed 31424K, reserved 1114112K
  class space    used 4044K, committed 4288K, reserved 1048576K
}
Event: 13.732 GC heap before
{Heap before GC invocations=8 (full 0):
 garbage-first heap   total 65536K, used 46231K [0x00000000c0000000, 0x0000000100000000)
  region size 1024K, 25 young (25600K), 3 survivors (3072K)
 Metaspace       used 32155K, committed 32768K, reserved 1114112K
  class space    used 4264K, committed 4544K, reserved 1048576K
}
Event: 13.761 GC heap after
{Heap after GC invocations=9 (full 0):
 garbage-first heap   total 65536K, used 28305K [0x00000000c0000000, 0x0000000100000000)
  region size 1024K, 4 young (4096K), 4 survivors (4096K)
 Metaspace       used 32155K, committed 32768K, reserved 1114112K
  class space    used 4264K, committed 4544K, reserved 1048576K
}
Event: 14.169 GC heap before
{Heap before GC invocations=9 (full 0):
 garbage-first heap   total 65536K, used 45713K [0x00000000c0000000, 0x0000000100000000)
  region size 1024K, 22 young (22528K), 4 survivors (4096K)
 Metaspace       used 32486K, committed 33088K, reserved 1114112K
  class space    used 4301K, committed 4608K, reserved 1048576K
}
Event: 14.189 GC heap after
{Heap after GC invocations=10 (full 0):
 garbage-first heap   total 65536K, used 31256K [0x00000000c0000000, 0x0000000100000000)
  region size 1024K, 3 young (3072K), 3 survivors (3072K)
 Metaspace       used 32486K, committed 33088K, reserved 1114112K
  class space    used 4301K, committed 4608K, reserved 1048576K
}
Event: 14.640 GC heap before
{Heap before GC invocations=10 (full 0):
 garbage-first heap   total 65536K, used 46616K [0x00000000c0000000, 0x0000000100000000)
  region size 1024K, 19 young (19456K), 3 survivors (3072K)
 Metaspace       used 33048K, committed 33600K, reserved 1114112K
  class space    used 4359K, committed 4608K, reserved 1048576K
}
Event: 14.659 GC heap after
{Heap after GC invocations=11 (full 0):
 garbage-first heap   total 131072K, used 34164K [0x00000000c0000000, 0x0000000100000000)
  region size 1024K, 3 young (3072K), 3 survivors (3072K)
 Metaspace       used 33048K, committed 33600K, reserved 1114112K
  class space    used 4359K, committed 4608K, reserved 1048576K
}
Event: 15.485 GC heap before
{Heap before GC invocations=11 (full 0):
 garbage-first heap   total 131072K, used 91508K [0x00000000c0000000, 0x0000000100000000)
  region size 1024K, 60 young (61440K), 3 survivors (3072K)
 Metaspace       used 34833K, committed 35392K, reserved 1114112K
  class space    used 4489K, committed 4736K, reserved 1048576K
}
Event: 15.520 GC heap after
{Heap after GC invocations=12 (full 0):
 garbage-first heap   total 131072K, used 42284K [0x00000000c0000000, 0x0000000100000000)
  region size 1024K, 8 young (8192K), 8 survivors (8192K)
 Metaspace       used 34833K, committed 35392K, reserved 1114112K
  class space    used 4489K, committed 4736K, reserved 1048576K
}
Event: 15.785 GC heap before
{Heap before GC invocations=12 (full 0):
 garbage-first heap   total 131072K, used 69932K [0x00000000c0000000, 0x0000000100000000)
  region size 1024K, 37 young (37888K), 8 survivors (8192K)
 Metaspace       used 35492K, committed 36096K, reserved 1114112K
  class space    used 4556K, committed 4864K, reserved 1048576K
}
Event: 15.820 GC heap after
{Heap after GC invocations=13 (full 0):
 garbage-first heap   total 131072K, used 47515K [0x00000000c0000000, 0x0000000100000000)
  region size 1024K, 5 young (5120K), 5 survivors (5120K)
 Metaspace       used 35492K, committed 36096K, reserved 1114112K
  class space    used 4556K, committed 4864K, reserved 1048576K
}
Event: 16.331 GC heap before
{Heap before GC invocations=14 (full 0):
 garbage-first heap   total 131072K, used 94619K [0x00000000c0000000, 0x0000000100000000)
  region size 1024K, 51 young (52224K), 5 survivors (5120K)
 Metaspace       used 35656K, committed 36352K, reserved 1114112K
  class space    used 4587K, committed 4928K, reserved 1048576K
}
Event: 16.381 GC heap after
{Heap after GC invocations=15 (full 0):
 garbage-first heap   total 131072K, used 58703K [0x00000000c0000000, 0x0000000100000000)
  region size 1024K, 7 young (7168K), 7 survivors (7168K)
 Metaspace       used 35656K, committed 36352K, reserved 1114112K
  class space    used 4587K, committed 4928K, reserved 1048576K
}
Event: 16.388 GC heap before
{Heap before GC invocations=15 (full 0):
 garbage-first heap   total 131072K, used 59727K [0x00000000c0000000, 0x0000000100000000)
  region size 1024K, 8 young (8192K), 7 survivors (7168K)
 Metaspace       used 35656K, committed 36352K, reserved 1114112K
  class space    used 4587K, committed 4928K, reserved 1048576K
}
Event: 16.416 GC heap after
{Heap after GC invocations=16 (full 0):
 garbage-first heap   total 131072K, used 59392K [0x00000000c0000000, 0x0000000100000000)
  region size 1024K, 1 young (1024K), 1 survivors (1024K)
 Metaspace       used 35656K, committed 36352K, reserved 1114112K
  class space    used 4587K, committed 4928K, reserved 1048576K
}
Event: 17.178 GC heap before
{Heap before GC invocations=16 (full 0):
 garbage-first heap   total 131072K, used 96256K [0x00000000c0000000, 0x0000000100000000)
  region size 1024K, 37 young (37888K), 1 survivors (1024K)
 Metaspace       used 38498K, committed 39168K, reserved 1114112K
  class space    used 4835K, committed 5184K, reserved 1048576K
}

